2018-12-05 10:17:54.876  INFO 22192 --- [main] c.g.a.service.impl.FileSystemTest        : Starting FileSystemTest on LIUHUI-DS9-pc with PID 22192 (started by liuhui-ds9 in D:\ProjectMine\MyTest\AutoClawer)
2018-12-05 10:17:54.886  INFO 22192 --- [main] c.g.a.service.impl.FileSystemTest        : The following profiles are active: prod
2018-12-05 10:17:54.922  INFO 22192 --- [main] o.s.w.c.s.GenericWebApplicationContext   : Refreshing org.springframework.web.context.support.GenericWebApplicationContext@4a00d9cf: startup date [Wed Dec 05 10:17:54 CST 2018]; root of context hierarchy
2018-12-05 10:17:56.039  INFO 22192 --- [main] trationDelegate$BeanPostProcessorChecker : Bean 'org.springframework.transaction.annotation.ProxyTransactionManagementConfiguration' of type [org.springframework.transaction.annotation.ProxyTransactionManagementConfiguration$$EnhancerBySpringCGLIB$$d2593a5] is not eligible for getting processed by all BeanPostProcessors (for example: not eligible for auto-proxying)
2018-12-05 10:17:56.257  INFO 22192 --- [main] com.zaxxer.hikari.HikariDataSource       : HikariPool-1 - Starting...
2018-12-05 10:17:56.261  WARN 22192 --- [main] com.zaxxer.hikari.util.DriverDataSource  : Registered driver with driverClassName=com.mysql.jdbc.Driver was not found, trying direct instantiation.
2018-12-05 10:17:56.468  INFO 22192 --- [main] com.zaxxer.hikari.HikariDataSource       : HikariPool-1 - Start completed.
2018-12-05 10:17:56.526  INFO 22192 --- [main] j.LocalContainerEntityManagerFactoryBean : Building JPA container EntityManagerFactory for persistence unit 'default'
2018-12-05 10:17:56.602  INFO 22192 --- [main] o.hibernate.jpa.internal.util.LogHelper  : HHH000204: Processing PersistenceUnitInfo [
	name: default
	...]
2018-12-05 10:17:56.681  INFO 22192 --- [main] org.hibernate.Version                    : HHH000412: Hibernate Core {5.2.17.Final}
2018-12-05 10:17:56.682  INFO 22192 --- [main] org.hibernate.cfg.Environment            : HHH000206: hibernate.properties not found
2018-12-05 10:17:56.729  INFO 22192 --- [main] o.hibernate.annotations.common.Version   : HCANN000001: Hibernate Commons Annotations {5.0.1.Final}
2018-12-05 10:17:56.859  INFO 22192 --- [main] org.hibernate.dialect.Dialect            : HHH000400: Using dialect: org.hibernate.dialect.MySQL5Dialect
2018-12-05 10:17:57.492  INFO 22192 --- [main] j.LocalContainerEntityManagerFactoryBean : Initialized JPA EntityManagerFactory for persistence unit 'default'
2018-12-05 10:17:58.035  INFO 22192 --- [main] o.s.w.s.handler.SimpleUrlHandlerMapping  : Mapped URL path [/**/favicon.ico] onto handler of type [class org.springframework.web.servlet.resource.ResourceHttpRequestHandler]
2018-12-05 10:17:58.322  INFO 22192 --- [main] s.w.s.m.m.a.RequestMappingHandlerAdapter : Looking for @ControllerAdvice: org.springframework.web.context.support.GenericWebApplicationContext@4a00d9cf: startup date [Wed Dec 05 10:17:54 CST 2018]; root of context hierarchy
2018-12-05 10:17:58.371  WARN 22192 --- [main] aWebConfiguration$JpaWebMvcConfiguration : spring.jpa.open-in-view is enabled by default. Therefore, database queries may be performed during view rendering. Explicitly configure spring.jpa.open-in-view to disable this warning
2018-12-05 10:17:58.416  INFO 22192 --- [main] s.w.s.m.m.a.RequestMappingHandlerMapping : Mapped "{[/fileSystem/getFile],methods=[GET]}" onto public void com.grayliu.autoclawer.controller.FileController.getFile(javax.servlet.http.HttpServletRequest,javax.servlet.http.HttpServletResponse)
2018-12-05 10:17:58.419  INFO 22192 --- [main] s.w.s.m.m.a.RequestMappingHandlerMapping : Mapped "{[/error]}" onto public org.springframework.http.ResponseEntity<java.util.Map<java.lang.String, java.lang.Object>> org.springframework.boot.autoconfigure.web.servlet.error.BasicErrorController.error(javax.servlet.http.HttpServletRequest)
2018-12-05 10:17:58.420  INFO 22192 --- [main] s.w.s.m.m.a.RequestMappingHandlerMapping : Mapped "{[/error],produces=[text/html]}" onto public org.springframework.web.servlet.ModelAndView org.springframework.boot.autoconfigure.web.servlet.error.BasicErrorController.errorHtml(javax.servlet.http.HttpServletRequest,javax.servlet.http.HttpServletResponse)
2018-12-05 10:17:58.455  INFO 22192 --- [main] o.s.w.s.handler.SimpleUrlHandlerMapping  : Mapped URL path [/webjars/**] onto handler of type [class org.springframework.web.servlet.resource.ResourceHttpRequestHandler]
2018-12-05 10:17:58.455  INFO 22192 --- [main] o.s.w.s.handler.SimpleUrlHandlerMapping  : Mapped URL path [/**] onto handler of type [class org.springframework.web.servlet.resource.ResourceHttpRequestHandler]
2018-12-05 10:17:58.834  INFO 22192 --- [main] c.g.a.service.impl.FileSystemTest        : Started FileSystemTest in 4.583 seconds (JVM running for 5.532)
2018-12-05 10:18:00.007  INFO 22192 --- [Thread-2] o.s.w.c.s.GenericWebApplicationContext   : Closing org.springframework.web.context.support.GenericWebApplicationContext@4a00d9cf: startup date [Wed Dec 05 10:17:54 CST 2018]; root of context hierarchy
2018-12-05 10:18:00.022  INFO 22192 --- [Thread-2] j.LocalContainerEntityManagerFactoryBean : Closing JPA EntityManagerFactory for persistence unit 'default'
2018-12-05 10:18:00.022  INFO 22192 --- [Thread-2] com.zaxxer.hikari.HikariDataSource       : HikariPool-1 - Shutdown initiated...
2018-12-05 10:18:00.031  INFO 22192 --- [Thread-2] com.zaxxer.hikari.HikariDataSource       : HikariPool-1 - Shutdown completed.
2018-12-05 10:24:58.123  INFO 24264 --- [main] c.g.a.service.impl.FileSystemTest        : Starting FileSystemTest on LIUHUI-DS9-pc with PID 24264 (started by liuhui-ds9 in D:\ProjectMine\MyTest\AutoClawer)
2018-12-05 10:24:58.124  INFO 24264 --- [main] c.g.a.service.impl.FileSystemTest        : The following profiles are active: prod
2018-12-05 10:24:58.162  INFO 24264 --- [main] o.s.w.c.s.GenericWebApplicationContext   : Refreshing org.springframework.web.context.support.GenericWebApplicationContext@6736fa8d: startup date [Wed Dec 05 10:24:58 CST 2018]; root of context hierarchy
2018-12-05 10:24:59.425  INFO 24264 --- [main] trationDelegate$BeanPostProcessorChecker : Bean 'org.springframework.transaction.annotation.ProxyTransactionManagementConfiguration' of type [org.springframework.transaction.annotation.ProxyTransactionManagementConfiguration$$EnhancerBySpringCGLIB$$8403d7cf] is not eligible for getting processed by all BeanPostProcessors (for example: not eligible for auto-proxying)
2018-12-05 10:24:59.713  INFO 24264 --- [main] com.zaxxer.hikari.HikariDataSource       : HikariPool-1 - Starting...
2018-12-05 10:24:59.718  WARN 24264 --- [main] com.zaxxer.hikari.util.DriverDataSource  : Registered driver with driverClassName=com.mysql.jdbc.Driver was not found, trying direct instantiation.
2018-12-05 10:24:59.906  INFO 24264 --- [main] com.zaxxer.hikari.HikariDataSource       : HikariPool-1 - Start completed.
2018-12-05 10:24:59.967  INFO 24264 --- [main] j.LocalContainerEntityManagerFactoryBean : Building JPA container EntityManagerFactory for persistence unit 'default'
2018-12-05 10:25:00.039  INFO 24264 --- [main] o.hibernate.jpa.internal.util.LogHelper  : HHH000204: Processing PersistenceUnitInfo [
	name: default
	...]
2018-12-05 10:25:00.122  INFO 24264 --- [main] org.hibernate.Version                    : HHH000412: Hibernate Core {5.2.17.Final}
2018-12-05 10:25:00.123  INFO 24264 --- [main] org.hibernate.cfg.Environment            : HHH000206: hibernate.properties not found
2018-12-05 10:25:00.165  INFO 24264 --- [main] o.hibernate.annotations.common.Version   : HCANN000001: Hibernate Commons Annotations {5.0.1.Final}
2018-12-05 10:25:00.291  INFO 24264 --- [main] org.hibernate.dialect.Dialect            : HHH000400: Using dialect: org.hibernate.dialect.MySQL5Dialect
2018-12-05 10:25:00.894  INFO 24264 --- [main] j.LocalContainerEntityManagerFactoryBean : Initialized JPA EntityManagerFactory for persistence unit 'default'
2018-12-05 10:25:01.435  INFO 24264 --- [main] o.s.w.s.handler.SimpleUrlHandlerMapping  : Mapped URL path [/**/favicon.ico] onto handler of type [class org.springframework.web.servlet.resource.ResourceHttpRequestHandler]
2018-12-05 10:25:01.742  INFO 24264 --- [main] s.w.s.m.m.a.RequestMappingHandlerAdapter : Looking for @ControllerAdvice: org.springframework.web.context.support.GenericWebApplicationContext@6736fa8d: startup date [Wed Dec 05 10:24:58 CST 2018]; root of context hierarchy
2018-12-05 10:25:01.813  WARN 24264 --- [main] aWebConfiguration$JpaWebMvcConfiguration : spring.jpa.open-in-view is enabled by default. Therefore, database queries may be performed during view rendering. Explicitly configure spring.jpa.open-in-view to disable this warning
2018-12-05 10:25:01.881  INFO 24264 --- [main] s.w.s.m.m.a.RequestMappingHandlerMapping : Mapped "{[/fileSystem/getFile],methods=[GET]}" onto public void com.grayliu.autoclawer.controller.FileController.getFile(javax.servlet.http.HttpServletRequest,javax.servlet.http.HttpServletResponse)
2018-12-05 10:25:01.884  INFO 24264 --- [main] s.w.s.m.m.a.RequestMappingHandlerMapping : Mapped "{[/error]}" onto public org.springframework.http.ResponseEntity<java.util.Map<java.lang.String, java.lang.Object>> org.springframework.boot.autoconfigure.web.servlet.error.BasicErrorController.error(javax.servlet.http.HttpServletRequest)
2018-12-05 10:25:01.885  INFO 24264 --- [main] s.w.s.m.m.a.RequestMappingHandlerMapping : Mapped "{[/error],produces=[text/html]}" onto public org.springframework.web.servlet.ModelAndView org.springframework.boot.autoconfigure.web.servlet.error.BasicErrorController.errorHtml(javax.servlet.http.HttpServletRequest,javax.servlet.http.HttpServletResponse)
2018-12-05 10:25:01.917  INFO 24264 --- [main] o.s.w.s.handler.SimpleUrlHandlerMapping  : Mapped URL path [/webjars/**] onto handler of type [class org.springframework.web.servlet.resource.ResourceHttpRequestHandler]
2018-12-05 10:25:01.917  INFO 24264 --- [main] o.s.w.s.handler.SimpleUrlHandlerMapping  : Mapped URL path [/**] onto handler of type [class org.springframework.web.servlet.resource.ResourceHttpRequestHandler]
2018-12-05 10:25:02.285  INFO 24264 --- [main] c.g.a.service.impl.FileSystemTest        : Started FileSystemTest in 4.551 seconds (JVM running for 5.44)
2018-12-05 10:25:03.381  INFO 24264 --- [Thread-2] o.s.w.c.s.GenericWebApplicationContext   : Closing org.springframework.web.context.support.GenericWebApplicationContext@6736fa8d: startup date [Wed Dec 05 10:24:58 CST 2018]; root of context hierarchy
2018-12-05 10:25:03.393  INFO 24264 --- [Thread-2] j.LocalContainerEntityManagerFactoryBean : Closing JPA EntityManagerFactory for persistence unit 'default'
2018-12-05 10:25:03.394  INFO 24264 --- [Thread-2] com.zaxxer.hikari.HikariDataSource       : HikariPool-1 - Shutdown initiated...
2018-12-05 10:25:03.401  INFO 24264 --- [Thread-2] com.zaxxer.hikari.HikariDataSource       : HikariPool-1 - Shutdown completed.
2018-12-05 10:32:36.312  INFO 22764 --- [main] c.g.a.service.impl.FileSystemTest        : Starting FileSystemTest on LIUHUI-DS9-pc with PID 22764 (started by liuhui-ds9 in D:\ProjectMine\MyTest\AutoClawer)
2018-12-05 10:32:36.313  INFO 22764 --- [main] c.g.a.service.impl.FileSystemTest        : The following profiles are active: prod
2018-12-05 10:32:36.348  INFO 22764 --- [main] o.s.w.c.s.GenericWebApplicationContext   : Refreshing org.springframework.web.context.support.GenericWebApplicationContext@39d76cb5: startup date [Wed Dec 05 10:32:36 CST 2018]; root of context hierarchy
2018-12-05 10:32:37.765  INFO 22764 --- [main] trationDelegate$BeanPostProcessorChecker : Bean 'org.springframework.transaction.annotation.ProxyTransactionManagementConfiguration' of type [org.springframework.transaction.annotation.ProxyTransactionManagementConfiguration$$EnhancerBySpringCGLIB$$9bfef87e] is not eligible for getting processed by all BeanPostProcessors (for example: not eligible for auto-proxying)
2018-12-05 10:32:38.001  INFO 22764 --- [main] com.zaxxer.hikari.HikariDataSource       : HikariPool-1 - Starting...
2018-12-05 10:32:38.005  WARN 22764 --- [main] com.zaxxer.hikari.util.DriverDataSource  : Registered driver with driverClassName=com.mysql.jdbc.Driver was not found, trying direct instantiation.
2018-12-05 10:32:38.169  INFO 22764 --- [main] com.zaxxer.hikari.HikariDataSource       : HikariPool-1 - Start completed.
2018-12-05 10:32:38.292  INFO 22764 --- [main] j.LocalContainerEntityManagerFactoryBean : Building JPA container EntityManagerFactory for persistence unit 'default'
2018-12-05 10:32:38.313  INFO 22764 --- [main] o.hibernate.jpa.internal.util.LogHelper  : HHH000204: Processing PersistenceUnitInfo [
	name: default
	...]
2018-12-05 10:32:38.388  INFO 22764 --- [main] org.hibernate.Version                    : HHH000412: Hibernate Core {5.2.17.Final}
2018-12-05 10:32:38.389  INFO 22764 --- [main] org.hibernate.cfg.Environment            : HHH000206: hibernate.properties not found
2018-12-05 10:32:38.439  INFO 22764 --- [main] o.hibernate.annotations.common.Version   : HCANN000001: Hibernate Commons Annotations {5.0.1.Final}
2018-12-05 10:32:38.569  INFO 22764 --- [main] org.hibernate.dialect.Dialect            : HHH000400: Using dialect: org.hibernate.dialect.MySQL5Dialect
2018-12-05 10:32:39.174  INFO 22764 --- [main] j.LocalContainerEntityManagerFactoryBean : Initialized JPA EntityManagerFactory for persistence unit 'default'
2018-12-05 10:32:39.754  INFO 22764 --- [main] o.s.w.s.handler.SimpleUrlHandlerMapping  : Mapped URL path [/**/favicon.ico] onto handler of type [class org.springframework.web.servlet.resource.ResourceHttpRequestHandler]
2018-12-05 10:32:40.068  INFO 22764 --- [main] s.w.s.m.m.a.RequestMappingHandlerAdapter : Looking for @ControllerAdvice: org.springframework.web.context.support.GenericWebApplicationContext@39d76cb5: startup date [Wed Dec 05 10:32:36 CST 2018]; root of context hierarchy
2018-12-05 10:32:40.133  WARN 22764 --- [main] aWebConfiguration$JpaWebMvcConfiguration : spring.jpa.open-in-view is enabled by default. Therefore, database queries may be performed during view rendering. Explicitly configure spring.jpa.open-in-view to disable this warning
2018-12-05 10:32:40.174  INFO 22764 --- [main] s.w.s.m.m.a.RequestMappingHandlerMapping : Mapped "{[/fileSystem/getFile],methods=[GET]}" onto public void com.grayliu.autoclawer.controller.FileController.getFile(javax.servlet.http.HttpServletRequest,javax.servlet.http.HttpServletResponse)
2018-12-05 10:32:40.176  INFO 22764 --- [main] s.w.s.m.m.a.RequestMappingHandlerMapping : Mapped "{[/error]}" onto public org.springframework.http.ResponseEntity<java.util.Map<java.lang.String, java.lang.Object>> org.springframework.boot.autoconfigure.web.servlet.error.BasicErrorController.error(javax.servlet.http.HttpServletRequest)
2018-12-05 10:32:40.177  INFO 22764 --- [main] s.w.s.m.m.a.RequestMappingHandlerMapping : Mapped "{[/error],produces=[text/html]}" onto public org.springframework.web.servlet.ModelAndView org.springframework.boot.autoconfigure.web.servlet.error.BasicErrorController.errorHtml(javax.servlet.http.HttpServletRequest,javax.servlet.http.HttpServletResponse)
2018-12-05 10:32:40.207  INFO 22764 --- [main] o.s.w.s.handler.SimpleUrlHandlerMapping  : Mapped URL path [/webjars/**] onto handler of type [class org.springframework.web.servlet.resource.ResourceHttpRequestHandler]
2018-12-05 10:32:40.208  INFO 22764 --- [main] o.s.w.s.handler.SimpleUrlHandlerMapping  : Mapped URL path [/**] onto handler of type [class org.springframework.web.servlet.resource.ResourceHttpRequestHandler]
2018-12-05 10:32:40.532  INFO 22764 --- [main] c.g.a.service.impl.FileSystemTest        : Started FileSystemTest in 4.597 seconds (JVM running for 5.472)
2018-12-05 10:32:40.822  INFO 22764 --- [Thread-2] o.s.w.c.s.GenericWebApplicationContext   : Closing org.springframework.web.context.support.GenericWebApplicationContext@39d76cb5: startup date [Wed Dec 05 10:32:36 CST 2018]; root of context hierarchy
2018-12-05 10:32:40.826  INFO 22764 --- [Thread-2] j.LocalContainerEntityManagerFactoryBean : Closing JPA EntityManagerFactory for persistence unit 'default'
2018-12-05 10:32:40.827  INFO 22764 --- [Thread-2] com.zaxxer.hikari.HikariDataSource       : HikariPool-1 - Shutdown initiated...
2018-12-05 10:32:40.845  INFO 22764 --- [Thread-2] com.zaxxer.hikari.HikariDataSource       : HikariPool-1 - Shutdown completed.
2018-12-05 14:37:33.712  INFO 13552 --- [main] c.g.a.service.impl.FileSystemTest        : Starting FileSystemTest on LIUHUI-DS9-pc with PID 13552 (started by liuhui-ds9 in D:\ProjectMine\MyTest\AutoClawer)
2018-12-05 14:37:33.757  INFO 13552 --- [main] c.g.a.service.impl.FileSystemTest        : The following profiles are active: prod
2018-12-05 14:37:33.854  INFO 13552 --- [main] o.s.w.c.s.GenericWebApplicationContext   : Refreshing org.springframework.web.context.support.GenericWebApplicationContext@59e2d8e3: startup date [Wed Dec 05 14:37:33 CST 2018]; root of context hierarchy
2018-12-05 14:37:35.087  INFO 13552 --- [main] trationDelegate$BeanPostProcessorChecker : Bean 'org.springframework.transaction.annotation.ProxyTransactionManagementConfiguration' of type [org.springframework.transaction.annotation.ProxyTransactionManagementConfiguration$$EnhancerBySpringCGLIB$$93531f6b] is not eligible for getting processed by all BeanPostProcessors (for example: not eligible for auto-proxying)
2018-12-05 14:37:35.328  INFO 13552 --- [main] com.zaxxer.hikari.HikariDataSource       : HikariPool-1 - Starting...
2018-12-05 14:37:35.333  WARN 13552 --- [main] com.zaxxer.hikari.util.DriverDataSource  : Registered driver with driverClassName=com.mysql.jdbc.Driver was not found, trying direct instantiation.
2018-12-05 14:37:35.498  INFO 13552 --- [main] com.zaxxer.hikari.HikariDataSource       : HikariPool-1 - Start completed.
2018-12-05 14:37:35.614  INFO 13552 --- [main] j.LocalContainerEntityManagerFactoryBean : Building JPA container EntityManagerFactory for persistence unit 'default'
2018-12-05 14:37:35.633  INFO 13552 --- [main] o.hibernate.jpa.internal.util.LogHelper  : HHH000204: Processing PersistenceUnitInfo [
	name: default
	...]
2018-12-05 14:37:35.711  INFO 13552 --- [main] org.hibernate.Version                    : HHH000412: Hibernate Core {5.2.17.Final}
2018-12-05 14:37:35.712  INFO 13552 --- [main] org.hibernate.cfg.Environment            : HHH000206: hibernate.properties not found
2018-12-05 14:37:35.759  INFO 13552 --- [main] o.hibernate.annotations.common.Version   : HCANN000001: Hibernate Commons Annotations {5.0.1.Final}
2018-12-05 14:37:35.884  INFO 13552 --- [main] org.hibernate.dialect.Dialect            : HHH000400: Using dialect: org.hibernate.dialect.MySQL5Dialect
2018-12-05 14:37:36.502  INFO 13552 --- [main] j.LocalContainerEntityManagerFactoryBean : Initialized JPA EntityManagerFactory for persistence unit 'default'
2018-12-05 14:37:37.157  INFO 13552 --- [main] o.s.w.s.handler.SimpleUrlHandlerMapping  : Mapped URL path [/**/favicon.ico] onto handler of type [class org.springframework.web.servlet.resource.ResourceHttpRequestHandler]
2018-12-05 14:37:37.461  INFO 13552 --- [main] s.w.s.m.m.a.RequestMappingHandlerAdapter : Looking for @ControllerAdvice: org.springframework.web.context.support.GenericWebApplicationContext@59e2d8e3: startup date [Wed Dec 05 14:37:33 CST 2018]; root of context hierarchy
2018-12-05 14:37:37.512  WARN 13552 --- [main] aWebConfiguration$JpaWebMvcConfiguration : spring.jpa.open-in-view is enabled by default. Therefore, database queries may be performed during view rendering. Explicitly configure spring.jpa.open-in-view to disable this warning
2018-12-05 14:37:37.564  INFO 13552 --- [main] s.w.s.m.m.a.RequestMappingHandlerMapping : Mapped "{[/fileSystem/getFile],methods=[GET]}" onto public void com.grayliu.autoclawer.controller.FileController.getFile(javax.servlet.http.HttpServletRequest,javax.servlet.http.HttpServletResponse)
2018-12-05 14:37:37.568  INFO 13552 --- [main] s.w.s.m.m.a.RequestMappingHandlerMapping : Mapped "{[/error]}" onto public org.springframework.http.ResponseEntity<java.util.Map<java.lang.String, java.lang.Object>> org.springframework.boot.autoconfigure.web.servlet.error.BasicErrorController.error(javax.servlet.http.HttpServletRequest)
2018-12-05 14:37:37.570  INFO 13552 --- [main] s.w.s.m.m.a.RequestMappingHandlerMapping : Mapped "{[/error],produces=[text/html]}" onto public org.springframework.web.servlet.ModelAndView org.springframework.boot.autoconfigure.web.servlet.error.BasicErrorController.errorHtml(javax.servlet.http.HttpServletRequest,javax.servlet.http.HttpServletResponse)
2018-12-05 14:37:37.605  INFO 13552 --- [main] o.s.w.s.handler.SimpleUrlHandlerMapping  : Mapped URL path [/webjars/**] onto handler of type [class org.springframework.web.servlet.resource.ResourceHttpRequestHandler]
2018-12-05 14:37:37.605  INFO 13552 --- [main] o.s.w.s.handler.SimpleUrlHandlerMapping  : Mapped URL path [/**] onto handler of type [class org.springframework.web.servlet.resource.ResourceHttpRequestHandler]
2018-12-05 14:37:37.997  INFO 13552 --- [main] c.g.a.service.impl.FileSystemTest        : Started FileSystemTest in 4.731 seconds (JVM running for 5.77)
2018-12-05 14:37:39.638  INFO 13552 --- [Thread-2] o.s.w.c.s.GenericWebApplicationContext   : Closing org.springframework.web.context.support.GenericWebApplicationContext@59e2d8e3: startup date [Wed Dec 05 14:37:33 CST 2018]; root of context hierarchy
2018-12-05 14:37:39.645  INFO 13552 --- [Thread-2] j.LocalContainerEntityManagerFactoryBean : Closing JPA EntityManagerFactory for persistence unit 'default'
2018-12-05 14:37:39.646  INFO 13552 --- [Thread-2] com.zaxxer.hikari.HikariDataSource       : HikariPool-1 - Shutdown initiated...
2018-12-05 14:37:39.651  INFO 13552 --- [Thread-2] com.zaxxer.hikari.HikariDataSource       : HikariPool-1 - Shutdown completed.
2018-12-05 14:38:29.353  INFO 16348 --- [main] c.g.a.service.impl.FileSystemTest        : Starting FileSystemTest on LIUHUI-DS9-pc with PID 16348 (started by liuhui-ds9 in D:\ProjectMine\MyTest\AutoClawer)
2018-12-05 14:38:29.354  INFO 16348 --- [main] c.g.a.service.impl.FileSystemTest        : The following profiles are active: prod
2018-12-05 14:38:29.429  INFO 16348 --- [main] o.s.w.c.s.GenericWebApplicationContext   : Refreshing org.springframework.web.context.support.GenericWebApplicationContext@479cbee5: startup date [Wed Dec 05 14:38:29 CST 2018]; root of context hierarchy
2018-12-05 14:38:30.716  INFO 16348 --- [main] trationDelegate$BeanPostProcessorChecker : Bean 'org.springframework.transaction.annotation.ProxyTransactionManagementConfiguration' of type [org.springframework.transaction.annotation.ProxyTransactionManagementConfiguration$$EnhancerBySpringCGLIB$$5473e0da] is not eligible for getting processed by all BeanPostProcessors (for example: not eligible for auto-proxying)
2018-12-05 14:38:30.966  INFO 16348 --- [main] com.zaxxer.hikari.HikariDataSource       : HikariPool-1 - Starting...
2018-12-05 14:38:30.971  WARN 16348 --- [main] com.zaxxer.hikari.util.DriverDataSource  : Registered driver with driverClassName=com.mysql.jdbc.Driver was not found, trying direct instantiation.
2018-12-05 14:38:31.146  INFO 16348 --- [main] com.zaxxer.hikari.HikariDataSource       : HikariPool-1 - Start completed.
2018-12-05 14:38:31.266  INFO 16348 --- [main] j.LocalContainerEntityManagerFactoryBean : Building JPA container EntityManagerFactory for persistence unit 'default'
2018-12-05 14:38:31.297  INFO 16348 --- [main] o.hibernate.jpa.internal.util.LogHelper  : HHH000204: Processing PersistenceUnitInfo [
	name: default
	...]
2018-12-05 14:38:31.375  INFO 16348 --- [main] org.hibernate.Version                    : HHH000412: Hibernate Core {5.2.17.Final}
2018-12-05 14:38:31.376  INFO 16348 --- [main] org.hibernate.cfg.Environment            : HHH000206: hibernate.properties not found
2018-12-05 14:38:31.424  INFO 16348 --- [main] o.hibernate.annotations.common.Version   : HCANN000001: Hibernate Commons Annotations {5.0.1.Final}
2018-12-05 14:38:31.548  INFO 16348 --- [main] org.hibernate.dialect.Dialect            : HHH000400: Using dialect: org.hibernate.dialect.MySQL5Dialect
2018-12-05 14:38:32.159  INFO 16348 --- [main] j.LocalContainerEntityManagerFactoryBean : Initialized JPA EntityManagerFactory for persistence unit 'default'
2018-12-05 14:38:32.740  INFO 16348 --- [main] o.s.w.s.handler.SimpleUrlHandlerMapping  : Mapped URL path [/**/favicon.ico] onto handler of type [class org.springframework.web.servlet.resource.ResourceHttpRequestHandler]
2018-12-05 14:38:33.068  INFO 16348 --- [main] s.w.s.m.m.a.RequestMappingHandlerAdapter : Looking for @ControllerAdvice: org.springframework.web.context.support.GenericWebApplicationContext@479cbee5: startup date [Wed Dec 05 14:38:29 CST 2018]; root of context hierarchy
2018-12-05 14:38:33.127  WARN 16348 --- [main] aWebConfiguration$JpaWebMvcConfiguration : spring.jpa.open-in-view is enabled by default. Therefore, database queries may be performed during view rendering. Explicitly configure spring.jpa.open-in-view to disable this warning
2018-12-05 14:38:33.182  INFO 16348 --- [main] s.w.s.m.m.a.RequestMappingHandlerMapping : Mapped "{[/fileSystem/getFile],methods=[GET]}" onto public void com.grayliu.autoclawer.controller.FileController.getFile(javax.servlet.http.HttpServletRequest,javax.servlet.http.HttpServletResponse)
2018-12-05 14:38:33.187  INFO 16348 --- [main] s.w.s.m.m.a.RequestMappingHandlerMapping : Mapped "{[/error]}" onto public org.springframework.http.ResponseEntity<java.util.Map<java.lang.String, java.lang.Object>> org.springframework.boot.autoconfigure.web.servlet.error.BasicErrorController.error(javax.servlet.http.HttpServletRequest)
2018-12-05 14:38:33.188  INFO 16348 --- [main] s.w.s.m.m.a.RequestMappingHandlerMapping : Mapped "{[/error],produces=[text/html]}" onto public org.springframework.web.servlet.ModelAndView org.springframework.boot.autoconfigure.web.servlet.error.BasicErrorController.errorHtml(javax.servlet.http.HttpServletRequest,javax.servlet.http.HttpServletResponse)
2018-12-05 14:38:33.231  INFO 16348 --- [main] o.s.w.s.handler.SimpleUrlHandlerMapping  : Mapped URL path [/webjars/**] onto handler of type [class org.springframework.web.servlet.resource.ResourceHttpRequestHandler]
2018-12-05 14:38:33.231  INFO 16348 --- [main] o.s.w.s.handler.SimpleUrlHandlerMapping  : Mapped URL path [/**] onto handler of type [class org.springframework.web.servlet.resource.ResourceHttpRequestHandler]
2018-12-05 14:38:33.631  INFO 16348 --- [main] c.g.a.service.impl.FileSystemTest        : Started FileSystemTest in 4.703 seconds (JVM running for 5.591)
2018-12-05 14:38:33.849  INFO 16348 --- [Thread-2] o.s.w.c.s.GenericWebApplicationContext   : Closing org.springframework.web.context.support.GenericWebApplicationContext@479cbee5: startup date [Wed Dec 05 14:38:29 CST 2018]; root of context hierarchy
2018-12-05 14:38:33.864  INFO 16348 --- [Thread-2] j.LocalContainerEntityManagerFactoryBean : Closing JPA EntityManagerFactory for persistence unit 'default'
2018-12-05 14:38:33.865  INFO 16348 --- [Thread-2] com.zaxxer.hikari.HikariDataSource       : HikariPool-1 - Shutdown initiated...
2018-12-05 14:38:33.876  INFO 16348 --- [Thread-2] com.zaxxer.hikari.HikariDataSource       : HikariPool-1 - Shutdown completed.
2018-12-05 15:28:53.786  INFO 16500 --- [main] c.g.autoclawer.service.impl.XwlboTest    : Starting XwlboTest on LIUHUI-DS9-pc with PID 16500 (started by liuhui-ds9 in D:\ProjectMine\MyTest\AutoClawer)
2018-12-05 15:28:53.787  INFO 16500 --- [main] c.g.autoclawer.service.impl.XwlboTest    : The following profiles are active: prod
2018-12-05 15:28:53.818  INFO 16500 --- [main] o.s.w.c.s.GenericWebApplicationContext   : Refreshing org.springframework.web.context.support.GenericWebApplicationContext@7fc4780b: startup date [Wed Dec 05 15:28:53 CST 2018]; root of context hierarchy
2018-12-05 15:28:55.098  INFO 16500 --- [main] trationDelegate$BeanPostProcessorChecker : Bean 'org.springframework.transaction.annotation.ProxyTransactionManagementConfiguration' of type [org.springframework.transaction.annotation.ProxyTransactionManagementConfiguration$$EnhancerBySpringCGLIB$$7f1663cb] is not eligible for getting processed by all BeanPostProcessors (for example: not eligible for auto-proxying)
2018-12-05 15:28:55.359  INFO 16500 --- [main] com.zaxxer.hikari.HikariDataSource       : HikariPool-1 - Starting...
2018-12-05 15:28:55.365  WARN 16500 --- [main] com.zaxxer.hikari.util.DriverDataSource  : Registered driver with driverClassName=com.mysql.jdbc.Driver was not found, trying direct instantiation.
2018-12-05 15:28:55.568  INFO 16500 --- [main] com.zaxxer.hikari.HikariDataSource       : HikariPool-1 - Start completed.
2018-12-05 15:28:55.684  INFO 16500 --- [main] j.LocalContainerEntityManagerFactoryBean : Building JPA container EntityManagerFactory for persistence unit 'default'
2018-12-05 15:28:55.704  INFO 16500 --- [main] o.hibernate.jpa.internal.util.LogHelper  : HHH000204: Processing PersistenceUnitInfo [
	name: default
	...]
2018-12-05 15:28:55.794  INFO 16500 --- [main] org.hibernate.Version                    : HHH000412: Hibernate Core {5.2.17.Final}
2018-12-05 15:28:55.795  INFO 16500 --- [main] org.hibernate.cfg.Environment            : HHH000206: hibernate.properties not found
2018-12-05 15:28:55.840  INFO 16500 --- [main] o.hibernate.annotations.common.Version   : HCANN000001: Hibernate Commons Annotations {5.0.1.Final}
2018-12-05 15:28:55.958  INFO 16500 --- [main] org.hibernate.dialect.Dialect            : HHH000400: Using dialect: org.hibernate.dialect.MySQL5Dialect
2018-12-05 15:28:56.580  INFO 16500 --- [main] j.LocalContainerEntityManagerFactoryBean : Initialized JPA EntityManagerFactory for persistence unit 'default'
2018-12-05 15:28:57.153  INFO 16500 --- [main] o.s.w.s.handler.SimpleUrlHandlerMapping  : Mapped URL path [/**/favicon.ico] onto handler of type [class org.springframework.web.servlet.resource.ResourceHttpRequestHandler]
2018-12-05 15:28:57.458  INFO 16500 --- [main] s.w.s.m.m.a.RequestMappingHandlerAdapter : Looking for @ControllerAdvice: org.springframework.web.context.support.GenericWebApplicationContext@7fc4780b: startup date [Wed Dec 05 15:28:53 CST 2018]; root of context hierarchy
2018-12-05 15:28:57.508  WARN 16500 --- [main] aWebConfiguration$JpaWebMvcConfiguration : spring.jpa.open-in-view is enabled by default. Therefore, database queries may be performed during view rendering. Explicitly configure spring.jpa.open-in-view to disable this warning
2018-12-05 15:28:57.554  INFO 16500 --- [main] s.w.s.m.m.a.RequestMappingHandlerMapping : Mapped "{[/fileSystem/getFile],methods=[GET]}" onto public void com.grayliu.autoclawer.controller.FileController.getFile(javax.servlet.http.HttpServletRequest,javax.servlet.http.HttpServletResponse)
2018-12-05 15:28:57.557  INFO 16500 --- [main] s.w.s.m.m.a.RequestMappingHandlerMapping : Mapped "{[/error]}" onto public org.springframework.http.ResponseEntity<java.util.Map<java.lang.String, java.lang.Object>> org.springframework.boot.autoconfigure.web.servlet.error.BasicErrorController.error(javax.servlet.http.HttpServletRequest)
2018-12-05 15:28:57.558  INFO 16500 --- [main] s.w.s.m.m.a.RequestMappingHandlerMapping : Mapped "{[/error],produces=[text/html]}" onto public org.springframework.web.servlet.ModelAndView org.springframework.boot.autoconfigure.web.servlet.error.BasicErrorController.errorHtml(javax.servlet.http.HttpServletRequest,javax.servlet.http.HttpServletResponse)
2018-12-05 15:28:57.593  INFO 16500 --- [main] o.s.w.s.handler.SimpleUrlHandlerMapping  : Mapped URL path [/webjars/**] onto handler of type [class org.springframework.web.servlet.resource.ResourceHttpRequestHandler]
2018-12-05 15:28:57.594  INFO 16500 --- [main] o.s.w.s.handler.SimpleUrlHandlerMapping  : Mapped URL path [/**] onto handler of type [class org.springframework.web.servlet.resource.ResourceHttpRequestHandler]
2018-12-05 15:28:57.957  INFO 16500 --- [main] c.g.autoclawer.service.impl.XwlboTest    : Started XwlboTest in 4.528 seconds (JVM running for 5.427)
2018-12-05 15:29:00.107  INFO 16500 --- [main] o.s.b.f.xml.XmlBeanDefinitionReader      : Loading XML bean definitions from class path resource [org/springframework/jdbc/support/sql-error-codes.xml]
2018-12-05 15:29:00.179  INFO 16500 --- [Thread-2] o.s.w.c.s.GenericWebApplicationContext   : Closing org.springframework.web.context.support.GenericWebApplicationContext@7fc4780b: startup date [Wed Dec 05 15:28:53 CST 2018]; root of context hierarchy
2018-12-05 15:29:00.183  INFO 16500 --- [Thread-2] j.LocalContainerEntityManagerFactoryBean : Closing JPA EntityManagerFactory for persistence unit 'default'
2018-12-05 15:29:00.184  INFO 16500 --- [Thread-2] com.zaxxer.hikari.HikariDataSource       : HikariPool-1 - Shutdown initiated...
2018-12-05 15:29:00.191  INFO 16500 --- [Thread-2] com.zaxxer.hikari.HikariDataSource       : HikariPool-1 - Shutdown completed.
2018-12-05 15:32:36.015  INFO 12492 --- [main] c.g.autoclawer.service.impl.XwlboTest    : Starting XwlboTest on LIUHUI-DS9-pc with PID 12492 (started by liuhui-ds9 in D:\ProjectMine\MyTest\AutoClawer)
2018-12-05 15:32:36.016  INFO 12492 --- [main] c.g.autoclawer.service.impl.XwlboTest    : The following profiles are active: prod
2018-12-05 15:32:36.049  INFO 12492 --- [main] o.s.w.c.s.GenericWebApplicationContext   : Refreshing org.springframework.web.context.support.GenericWebApplicationContext@7fc4780b: startup date [Wed Dec 05 15:32:36 CST 2018]; root of context hierarchy
2018-12-05 15:32:37.341  INFO 12492 --- [main] trationDelegate$BeanPostProcessorChecker : Bean 'org.springframework.transaction.annotation.ProxyTransactionManagementConfiguration' of type [org.springframework.transaction.annotation.ProxyTransactionManagementConfiguration$$EnhancerBySpringCGLIB$$7f1663cb] is not eligible for getting processed by all BeanPostProcessors (for example: not eligible for auto-proxying)
2018-12-05 15:32:37.618  INFO 12492 --- [main] com.zaxxer.hikari.HikariDataSource       : HikariPool-1 - Starting...
2018-12-05 15:32:37.622  WARN 12492 --- [main] com.zaxxer.hikari.util.DriverDataSource  : Registered driver with driverClassName=com.mysql.jdbc.Driver was not found, trying direct instantiation.
2018-12-05 15:32:37.810  INFO 12492 --- [main] com.zaxxer.hikari.HikariDataSource       : HikariPool-1 - Start completed.
2018-12-05 15:32:37.965  INFO 12492 --- [main] j.LocalContainerEntityManagerFactoryBean : Building JPA container EntityManagerFactory for persistence unit 'default'
2018-12-05 15:32:37.984  INFO 12492 --- [main] o.hibernate.jpa.internal.util.LogHelper  : HHH000204: Processing PersistenceUnitInfo [
	name: default
	...]
2018-12-05 15:32:38.061  INFO 12492 --- [main] org.hibernate.Version                    : HHH000412: Hibernate Core {5.2.17.Final}
2018-12-05 15:32:38.063  INFO 12492 --- [main] org.hibernate.cfg.Environment            : HHH000206: hibernate.properties not found
2018-12-05 15:32:38.110  INFO 12492 --- [main] o.hibernate.annotations.common.Version   : HCANN000001: Hibernate Commons Annotations {5.0.1.Final}
2018-12-05 15:32:38.229  INFO 12492 --- [main] org.hibernate.dialect.Dialect            : HHH000400: Using dialect: org.hibernate.dialect.MySQL5Dialect
2018-12-05 15:32:38.846  INFO 12492 --- [main] j.LocalContainerEntityManagerFactoryBean : Initialized JPA EntityManagerFactory for persistence unit 'default'
2018-12-05 15:32:39.428  INFO 12492 --- [main] o.s.w.s.handler.SimpleUrlHandlerMapping  : Mapped URL path [/**/favicon.ico] onto handler of type [class org.springframework.web.servlet.resource.ResourceHttpRequestHandler]
2018-12-05 15:32:39.736  INFO 12492 --- [main] s.w.s.m.m.a.RequestMappingHandlerAdapter : Looking for @ControllerAdvice: org.springframework.web.context.support.GenericWebApplicationContext@7fc4780b: startup date [Wed Dec 05 15:32:36 CST 2018]; root of context hierarchy
2018-12-05 15:32:39.779  WARN 12492 --- [main] aWebConfiguration$JpaWebMvcConfiguration : spring.jpa.open-in-view is enabled by default. Therefore, database queries may be performed during view rendering. Explicitly configure spring.jpa.open-in-view to disable this warning
2018-12-05 15:32:39.818  INFO 12492 --- [main] s.w.s.m.m.a.RequestMappingHandlerMapping : Mapped "{[/fileSystem/getFile],methods=[GET]}" onto public void com.grayliu.autoclawer.controller.FileController.getFile(javax.servlet.http.HttpServletRequest,javax.servlet.http.HttpServletResponse)
2018-12-05 15:32:39.822  INFO 12492 --- [main] s.w.s.m.m.a.RequestMappingHandlerMapping : Mapped "{[/error]}" onto public org.springframework.http.ResponseEntity<java.util.Map<java.lang.String, java.lang.Object>> org.springframework.boot.autoconfigure.web.servlet.error.BasicErrorController.error(javax.servlet.http.HttpServletRequest)
2018-12-05 15:32:39.823  INFO 12492 --- [main] s.w.s.m.m.a.RequestMappingHandlerMapping : Mapped "{[/error],produces=[text/html]}" onto public org.springframework.web.servlet.ModelAndView org.springframework.boot.autoconfigure.web.servlet.error.BasicErrorController.errorHtml(javax.servlet.http.HttpServletRequest,javax.servlet.http.HttpServletResponse)
2018-12-05 15:32:39.852  INFO 12492 --- [main] o.s.w.s.handler.SimpleUrlHandlerMapping  : Mapped URL path [/webjars/**] onto handler of type [class org.springframework.web.servlet.resource.ResourceHttpRequestHandler]
2018-12-05 15:32:39.852  INFO 12492 --- [main] o.s.w.s.handler.SimpleUrlHandlerMapping  : Mapped URL path [/**] onto handler of type [class org.springframework.web.servlet.resource.ResourceHttpRequestHandler]
2018-12-05 15:32:40.176  INFO 12492 --- [main] c.g.autoclawer.service.impl.XwlboTest    : Started XwlboTest in 4.544 seconds (JVM running for 5.452)
2018-12-05 15:32:41.601  INFO 12492 --- [Thread-2] o.s.w.c.s.GenericWebApplicationContext   : Closing org.springframework.web.context.support.GenericWebApplicationContext@7fc4780b: startup date [Wed Dec 05 15:32:36 CST 2018]; root of context hierarchy
2018-12-05 15:32:41.605  INFO 12492 --- [Thread-2] j.LocalContainerEntityManagerFactoryBean : Closing JPA EntityManagerFactory for persistence unit 'default'
2018-12-05 15:32:41.606  INFO 12492 --- [Thread-2] com.zaxxer.hikari.HikariDataSource       : HikariPool-1 - Shutdown initiated...
2018-12-05 15:32:41.613  INFO 12492 --- [Thread-2] com.zaxxer.hikari.HikariDataSource       : HikariPool-1 - Shutdown completed.
2018-12-05 15:39:18.999  INFO 9104 --- [main] c.g.autoclawer.service.impl.XwlboTest    : Starting XwlboTest on LIUHUI-DS9-pc with PID 9104 (started by liuhui-ds9 in D:\ProjectMine\MyTest\AutoClawer)
2018-12-05 15:39:19.000  INFO 9104 --- [main] c.g.autoclawer.service.impl.XwlboTest    : The following profiles are active: prod
2018-12-05 15:39:19.224  INFO 9104 --- [main] o.s.w.c.s.GenericWebApplicationContext   : Refreshing org.springframework.web.context.support.GenericWebApplicationContext@7fc4780b: startup date [Wed Dec 05 15:39:19 CST 2018]; root of context hierarchy
2018-12-05 15:39:20.510  INFO 9104 --- [main] trationDelegate$BeanPostProcessorChecker : Bean 'org.springframework.transaction.annotation.ProxyTransactionManagementConfiguration' of type [org.springframework.transaction.annotation.ProxyTransactionManagementConfiguration$$EnhancerBySpringCGLIB$$edc6e4ff] is not eligible for getting processed by all BeanPostProcessors (for example: not eligible for auto-proxying)
2018-12-05 15:39:20.754  INFO 9104 --- [main] com.zaxxer.hikari.HikariDataSource       : HikariPool-1 - Starting...
2018-12-05 15:39:20.758  WARN 9104 --- [main] com.zaxxer.hikari.util.DriverDataSource  : Registered driver with driverClassName=com.mysql.jdbc.Driver was not found, trying direct instantiation.
2018-12-05 15:39:20.928  INFO 9104 --- [main] com.zaxxer.hikari.HikariDataSource       : HikariPool-1 - Start completed.
2018-12-05 15:39:21.049  INFO 9104 --- [main] j.LocalContainerEntityManagerFactoryBean : Building JPA container EntityManagerFactory for persistence unit 'default'
2018-12-05 15:39:21.067  INFO 9104 --- [main] o.hibernate.jpa.internal.util.LogHelper  : HHH000204: Processing PersistenceUnitInfo [
	name: default
	...]
2018-12-05 15:39:21.140  INFO 9104 --- [main] org.hibernate.Version                    : HHH000412: Hibernate Core {5.2.17.Final}
2018-12-05 15:39:21.141  INFO 9104 --- [main] org.hibernate.cfg.Environment            : HHH000206: hibernate.properties not found
2018-12-05 15:39:21.184  INFO 9104 --- [main] o.hibernate.annotations.common.Version   : HCANN000001: Hibernate Commons Annotations {5.0.1.Final}
2018-12-05 15:39:21.306  INFO 9104 --- [main] org.hibernate.dialect.Dialect            : HHH000400: Using dialect: org.hibernate.dialect.MySQL5Dialect
2018-12-05 15:39:21.924  INFO 9104 --- [main] j.LocalContainerEntityManagerFactoryBean : Initialized JPA EntityManagerFactory for persistence unit 'default'
2018-12-05 15:39:22.483  INFO 9104 --- [main] o.s.w.s.handler.SimpleUrlHandlerMapping  : Mapped URL path [/**/favicon.ico] onto handler of type [class org.springframework.web.servlet.resource.ResourceHttpRequestHandler]
2018-12-05 15:39:22.833  INFO 9104 --- [main] s.w.s.m.m.a.RequestMappingHandlerAdapter : Looking for @ControllerAdvice: org.springframework.web.context.support.GenericWebApplicationContext@7fc4780b: startup date [Wed Dec 05 15:39:19 CST 2018]; root of context hierarchy
2018-12-05 15:39:22.887  WARN 9104 --- [main] aWebConfiguration$JpaWebMvcConfiguration : spring.jpa.open-in-view is enabled by default. Therefore, database queries may be performed during view rendering. Explicitly configure spring.jpa.open-in-view to disable this warning
2018-12-05 15:39:22.930  INFO 9104 --- [main] s.w.s.m.m.a.RequestMappingHandlerMapping : Mapped "{[/fileSystem/getFile],methods=[GET]}" onto public void com.grayliu.autoclawer.controller.FileController.getFile(javax.servlet.http.HttpServletRequest,javax.servlet.http.HttpServletResponse)
2018-12-05 15:39:22.933  INFO 9104 --- [main] s.w.s.m.m.a.RequestMappingHandlerMapping : Mapped "{[/error]}" onto public org.springframework.http.ResponseEntity<java.util.Map<java.lang.String, java.lang.Object>> org.springframework.boot.autoconfigure.web.servlet.error.BasicErrorController.error(javax.servlet.http.HttpServletRequest)
2018-12-05 15:39:22.934  INFO 9104 --- [main] s.w.s.m.m.a.RequestMappingHandlerMapping : Mapped "{[/error],produces=[text/html]}" onto public org.springframework.web.servlet.ModelAndView org.springframework.boot.autoconfigure.web.servlet.error.BasicErrorController.errorHtml(javax.servlet.http.HttpServletRequest,javax.servlet.http.HttpServletResponse)
2018-12-05 15:39:22.972  INFO 9104 --- [main] o.s.w.s.handler.SimpleUrlHandlerMapping  : Mapped URL path [/webjars/**] onto handler of type [class org.springframework.web.servlet.resource.ResourceHttpRequestHandler]
2018-12-05 15:39:22.972  INFO 9104 --- [main] o.s.w.s.handler.SimpleUrlHandlerMapping  : Mapped URL path [/**] onto handler of type [class org.springframework.web.servlet.resource.ResourceHttpRequestHandler]
2018-12-05 15:39:23.381  INFO 9104 --- [main] c.g.autoclawer.service.impl.XwlboTest    : Started XwlboTest in 4.771 seconds (JVM running for 5.718)
2018-12-05 15:39:24.698  INFO 9104 --- [Thread-2] o.s.w.c.s.GenericWebApplicationContext   : Closing org.springframework.web.context.support.GenericWebApplicationContext@7fc4780b: startup date [Wed Dec 05 15:39:19 CST 2018]; root of context hierarchy
2018-12-05 15:39:24.703  INFO 9104 --- [Thread-2] j.LocalContainerEntityManagerFactoryBean : Closing JPA EntityManagerFactory for persistence unit 'default'
2018-12-05 15:39:24.704  INFO 9104 --- [Thread-2] com.zaxxer.hikari.HikariDataSource       : HikariPool-1 - Shutdown initiated...
2018-12-05 15:39:24.709  INFO 9104 --- [Thread-2] com.zaxxer.hikari.HikariDataSource       : HikariPool-1 - Shutdown completed.
2018-12-05 15:49:50.621  INFO 17924 --- [main] c.g.autoclawer.service.impl.XwlboTest    : Starting XwlboTest on LIUHUI-DS9-pc with PID 17924 (started by liuhui-ds9 in D:\ProjectMine\MyTest\AutoClawer)
2018-12-05 15:49:50.622  INFO 17924 --- [main] c.g.autoclawer.service.impl.XwlboTest    : The following profiles are active: prod
2018-12-05 15:49:50.657  INFO 17924 --- [main] o.s.w.c.s.GenericWebApplicationContext   : Refreshing org.springframework.web.context.support.GenericWebApplicationContext@479cbee5: startup date [Wed Dec 05 15:49:50 CST 2018]; root of context hierarchy
2018-12-05 15:49:52.187  INFO 17924 --- [main] trationDelegate$BeanPostProcessorChecker : Bean 'org.springframework.transaction.annotation.ProxyTransactionManagementConfiguration' of type [org.springframework.transaction.annotation.ProxyTransactionManagementConfiguration$$EnhancerBySpringCGLIB$$da848454] is not eligible for getting processed by all BeanPostProcessors (for example: not eligible for auto-proxying)
2018-12-05 15:49:52.454  INFO 17924 --- [main] com.zaxxer.hikari.HikariDataSource       : HikariPool-1 - Starting...
2018-12-05 15:49:52.458  WARN 17924 --- [main] com.zaxxer.hikari.util.DriverDataSource  : Registered driver with driverClassName=com.mysql.jdbc.Driver was not found, trying direct instantiation.
2018-12-05 15:49:52.663  INFO 17924 --- [main] com.zaxxer.hikari.HikariDataSource       : HikariPool-1 - Start completed.
2018-12-05 15:49:52.723  INFO 17924 --- [main] j.LocalContainerEntityManagerFactoryBean : Building JPA container EntityManagerFactory for persistence unit 'default'
2018-12-05 15:49:52.820  INFO 17924 --- [main] o.hibernate.jpa.internal.util.LogHelper  : HHH000204: Processing PersistenceUnitInfo [
	name: default
	...]
2018-12-05 15:49:52.897  INFO 17924 --- [main] org.hibernate.Version                    : HHH000412: Hibernate Core {5.2.17.Final}
2018-12-05 15:49:52.899  INFO 17924 --- [main] org.hibernate.cfg.Environment            : HHH000206: hibernate.properties not found
2018-12-05 15:49:52.949  INFO 17924 --- [main] o.hibernate.annotations.common.Version   : HCANN000001: Hibernate Commons Annotations {5.0.1.Final}
2018-12-05 15:49:53.071  INFO 17924 --- [main] org.hibernate.dialect.Dialect            : HHH000400: Using dialect: org.hibernate.dialect.MySQL5Dialect
2018-12-05 15:49:53.691  INFO 17924 --- [main] j.LocalContainerEntityManagerFactoryBean : Initialized JPA EntityManagerFactory for persistence unit 'default'
2018-12-05 15:49:54.356  INFO 17924 --- [main] o.s.w.s.handler.SimpleUrlHandlerMapping  : Mapped URL path [/**/favicon.ico] onto handler of type [class org.springframework.web.servlet.resource.ResourceHttpRequestHandler]
2018-12-05 15:49:54.706  INFO 17924 --- [main] s.w.s.m.m.a.RequestMappingHandlerAdapter : Looking for @ControllerAdvice: org.springframework.web.context.support.GenericWebApplicationContext@479cbee5: startup date [Wed Dec 05 15:49:50 CST 2018]; root of context hierarchy
2018-12-05 15:49:54.798  WARN 17924 --- [main] aWebConfiguration$JpaWebMvcConfiguration : spring.jpa.open-in-view is enabled by default. Therefore, database queries may be performed during view rendering. Explicitly configure spring.jpa.open-in-view to disable this warning
2018-12-05 15:49:54.847  INFO 17924 --- [main] s.w.s.m.m.a.RequestMappingHandlerMapping : Mapped "{[/fileSystem/getFile],methods=[GET]}" onto public void com.grayliu.autoclawer.controller.FileController.getFile(javax.servlet.http.HttpServletRequest,javax.servlet.http.HttpServletResponse)
2018-12-05 15:49:54.851  INFO 17924 --- [main] s.w.s.m.m.a.RequestMappingHandlerMapping : Mapped "{[/error]}" onto public org.springframework.http.ResponseEntity<java.util.Map<java.lang.String, java.lang.Object>> org.springframework.boot.autoconfigure.web.servlet.error.BasicErrorController.error(javax.servlet.http.HttpServletRequest)
2018-12-05 15:49:54.852  INFO 17924 --- [main] s.w.s.m.m.a.RequestMappingHandlerMapping : Mapped "{[/error],produces=[text/html]}" onto public org.springframework.web.servlet.ModelAndView org.springframework.boot.autoconfigure.web.servlet.error.BasicErrorController.errorHtml(javax.servlet.http.HttpServletRequest,javax.servlet.http.HttpServletResponse)
2018-12-05 15:49:54.883  INFO 17924 --- [main] o.s.w.s.handler.SimpleUrlHandlerMapping  : Mapped URL path [/webjars/**] onto handler of type [class org.springframework.web.servlet.resource.ResourceHttpRequestHandler]
2018-12-05 15:49:54.883  INFO 17924 --- [main] o.s.w.s.handler.SimpleUrlHandlerMapping  : Mapped URL path [/**] onto handler of type [class org.springframework.web.servlet.resource.ResourceHttpRequestHandler]
2018-12-05 15:49:55.241  INFO 17924 --- [main] c.g.autoclawer.service.impl.XwlboTest    : Started XwlboTest in 4.981 seconds (JVM running for 5.867)
2018-12-05 15:49:56.661  INFO 17924 --- [Thread-2] o.s.w.c.s.GenericWebApplicationContext   : Closing org.springframework.web.context.support.GenericWebApplicationContext@479cbee5: startup date [Wed Dec 05 15:49:50 CST 2018]; root of context hierarchy
2018-12-05 15:49:56.665  INFO 17924 --- [Thread-2] j.LocalContainerEntityManagerFactoryBean : Closing JPA EntityManagerFactory for persistence unit 'default'
2018-12-05 15:49:56.666  INFO 17924 --- [Thread-2] com.zaxxer.hikari.HikariDataSource       : HikariPool-1 - Shutdown initiated...
2018-12-05 15:49:56.672  INFO 17924 --- [Thread-2] com.zaxxer.hikari.HikariDataSource       : HikariPool-1 - Shutdown completed.
2018-12-05 18:11:28.450  INFO 11892 --- [main] c.g.autoclawer.service.impl.XwlboTest    : Starting XwlboTest on LIUHUI-DS9-pc with PID 11892 (started by liuhui-ds9 in D:\ProjectMine\MyTest\AutoClawer)
2018-12-05 18:11:28.461  INFO 11892 --- [main] c.g.autoclawer.service.impl.XwlboTest    : The following profiles are active: prod
2018-12-05 18:11:28.518  INFO 11892 --- [main] o.s.w.c.s.GenericWebApplicationContext   : Refreshing org.springframework.web.context.support.GenericWebApplicationContext@420a85c4: startup date [Wed Dec 05 18:11:28 CST 2018]; root of context hierarchy
2018-12-05 18:11:29.769  INFO 11892 --- [main] trationDelegate$BeanPostProcessorChecker : Bean 'org.springframework.transaction.annotation.ProxyTransactionManagementConfiguration' of type [org.springframework.transaction.annotation.ProxyTransactionManagementConfiguration$$EnhancerBySpringCGLIB$$1ad6ecb7] is not eligible for getting processed by all BeanPostProcessors (for example: not eligible for auto-proxying)
2018-12-05 18:11:30.016  INFO 11892 --- [main] com.zaxxer.hikari.HikariDataSource       : HikariPool-1 - Starting...
2018-12-05 18:11:30.021  WARN 11892 --- [main] com.zaxxer.hikari.util.DriverDataSource  : Registered driver with driverClassName=com.mysql.jdbc.Driver was not found, trying direct instantiation.
2018-12-05 18:11:30.205  INFO 11892 --- [main] com.zaxxer.hikari.HikariDataSource       : HikariPool-1 - Start completed.
2018-12-05 18:11:30.269  INFO 11892 --- [main] j.LocalContainerEntityManagerFactoryBean : Building JPA container EntityManagerFactory for persistence unit 'default'
2018-12-05 18:11:30.341  INFO 11892 --- [main] o.hibernate.jpa.internal.util.LogHelper  : HHH000204: Processing PersistenceUnitInfo [
	name: default
	...]
2018-12-05 18:11:30.444  INFO 11892 --- [main] org.hibernate.Version                    : HHH000412: Hibernate Core {5.2.17.Final}
2018-12-05 18:11:30.445  INFO 11892 --- [main] org.hibernate.cfg.Environment            : HHH000206: hibernate.properties not found
2018-12-05 18:11:30.491  INFO 11892 --- [main] o.hibernate.annotations.common.Version   : HCANN000001: Hibernate Commons Annotations {5.0.1.Final}
2018-12-05 18:11:30.623  INFO 11892 --- [main] org.hibernate.dialect.Dialect            : HHH000400: Using dialect: org.hibernate.dialect.MySQL5Dialect
2018-12-05 18:11:31.221  INFO 11892 --- [main] j.LocalContainerEntityManagerFactoryBean : Initialized JPA EntityManagerFactory for persistence unit 'default'
2018-12-05 18:11:31.765  INFO 11892 --- [main] o.s.w.s.handler.SimpleUrlHandlerMapping  : Mapped URL path [/**/favicon.ico] onto handler of type [class org.springframework.web.servlet.resource.ResourceHttpRequestHandler]
2018-12-05 18:11:32.063  INFO 11892 --- [main] s.w.s.m.m.a.RequestMappingHandlerAdapter : Looking for @ControllerAdvice: org.springframework.web.context.support.GenericWebApplicationContext@420a85c4: startup date [Wed Dec 05 18:11:28 CST 2018]; root of context hierarchy
2018-12-05 18:11:32.113  WARN 11892 --- [main] aWebConfiguration$JpaWebMvcConfiguration : spring.jpa.open-in-view is enabled by default. Therefore, database queries may be performed during view rendering. Explicitly configure spring.jpa.open-in-view to disable this warning
2018-12-05 18:11:32.159  INFO 11892 --- [main] s.w.s.m.m.a.RequestMappingHandlerMapping : Mapped "{[/fileSystem/getFile],methods=[GET]}" onto public void com.grayliu.autoclawer.controller.FileController.getFile(javax.servlet.http.HttpServletRequest,javax.servlet.http.HttpServletResponse)
2018-12-05 18:11:32.162  INFO 11892 --- [main] s.w.s.m.m.a.RequestMappingHandlerMapping : Mapped "{[/error]}" onto public org.springframework.http.ResponseEntity<java.util.Map<java.lang.String, java.lang.Object>> org.springframework.boot.autoconfigure.web.servlet.error.BasicErrorController.error(javax.servlet.http.HttpServletRequest)
2018-12-05 18:11:32.163  INFO 11892 --- [main] s.w.s.m.m.a.RequestMappingHandlerMapping : Mapped "{[/error],produces=[text/html]}" onto public org.springframework.web.servlet.ModelAndView org.springframework.boot.autoconfigure.web.servlet.error.BasicErrorController.errorHtml(javax.servlet.http.HttpServletRequest,javax.servlet.http.HttpServletResponse)
2018-12-05 18:11:32.197  INFO 11892 --- [main] o.s.w.s.handler.SimpleUrlHandlerMapping  : Mapped URL path [/webjars/**] onto handler of type [class org.springframework.web.servlet.resource.ResourceHttpRequestHandler]
2018-12-05 18:11:32.197  INFO 11892 --- [main] o.s.w.s.handler.SimpleUrlHandlerMapping  : Mapped URL path [/**] onto handler of type [class org.springframework.web.servlet.resource.ResourceHttpRequestHandler]
2018-12-05 18:11:32.583  INFO 11892 --- [main] c.g.autoclawer.service.impl.XwlboTest    : Started XwlboTest in 4.517 seconds (JVM running for 5.451)
2018-12-05 18:11:35.906  INFO 11892 --- [Thread-2] o.s.w.c.s.GenericWebApplicationContext   : Closing org.springframework.web.context.support.GenericWebApplicationContext@420a85c4: startup date [Wed Dec 05 18:11:28 CST 2018]; root of context hierarchy
2018-12-05 18:11:35.916  INFO 11892 --- [Thread-2] j.LocalContainerEntityManagerFactoryBean : Closing JPA EntityManagerFactory for persistence unit 'default'
2018-12-05 18:11:35.917  INFO 11892 --- [Thread-2] com.zaxxer.hikari.HikariDataSource       : HikariPool-1 - Shutdown initiated...
2018-12-05 18:11:35.925  INFO 11892 --- [Thread-2] com.zaxxer.hikari.HikariDataSource       : HikariPool-1 - Shutdown completed.
2018-12-05 18:15:19.918  INFO 12416 --- [main] c.g.a.service.impl.FileSystemTest        : Starting FileSystemTest on LIUHUI-DS9-pc with PID 12416 (started by liuhui-ds9 in D:\ProjectMine\MyTest\AutoClawer)
2018-12-05 18:15:19.919  INFO 12416 --- [main] c.g.a.service.impl.FileSystemTest        : The following profiles are active: prod
2018-12-05 18:15:19.952  INFO 12416 --- [main] o.s.w.c.s.GenericWebApplicationContext   : Refreshing org.springframework.web.context.support.GenericWebApplicationContext@62833051: startup date [Wed Dec 05 18:15:19 CST 2018]; root of context hierarchy
2018-12-05 18:15:21.271  INFO 12416 --- [main] trationDelegate$BeanPostProcessorChecker : Bean 'org.springframework.transaction.annotation.ProxyTransactionManagementConfiguration' of type [org.springframework.transaction.annotation.ProxyTransactionManagementConfiguration$$EnhancerBySpringCGLIB$$5949cd2a] is not eligible for getting processed by all BeanPostProcessors (for example: not eligible for auto-proxying)
2018-12-05 18:15:21.519  INFO 12416 --- [main] com.zaxxer.hikari.HikariDataSource       : HikariPool-1 - Starting...
2018-12-05 18:15:21.524  WARN 12416 --- [main] com.zaxxer.hikari.util.DriverDataSource  : Registered driver with driverClassName=com.mysql.jdbc.Driver was not found, trying direct instantiation.
2018-12-05 18:15:21.694  INFO 12416 --- [main] com.zaxxer.hikari.HikariDataSource       : HikariPool-1 - Start completed.
2018-12-05 18:15:21.757  INFO 12416 --- [main] j.LocalContainerEntityManagerFactoryBean : Building JPA container EntityManagerFactory for persistence unit 'default'
2018-12-05 18:15:21.832  INFO 12416 --- [main] o.hibernate.jpa.internal.util.LogHelper  : HHH000204: Processing PersistenceUnitInfo [
	name: default
	...]
2018-12-05 18:15:21.913  INFO 12416 --- [main] org.hibernate.Version                    : HHH000412: Hibernate Core {5.2.17.Final}
2018-12-05 18:15:21.915  INFO 12416 --- [main] org.hibernate.cfg.Environment            : HHH000206: hibernate.properties not found
2018-12-05 18:15:21.955  INFO 12416 --- [main] o.hibernate.annotations.common.Version   : HCANN000001: Hibernate Commons Annotations {5.0.1.Final}
2018-12-05 18:15:22.085  INFO 12416 --- [main] org.hibernate.dialect.Dialect            : HHH000400: Using dialect: org.hibernate.dialect.MySQL5Dialect
2018-12-05 18:15:22.711  INFO 12416 --- [main] j.LocalContainerEntityManagerFactoryBean : Initialized JPA EntityManagerFactory for persistence unit 'default'
2018-12-05 18:15:23.262  INFO 12416 --- [main] o.s.w.s.handler.SimpleUrlHandlerMapping  : Mapped URL path [/**/favicon.ico] onto handler of type [class org.springframework.web.servlet.resource.ResourceHttpRequestHandler]
2018-12-05 18:15:23.591  INFO 12416 --- [main] s.w.s.m.m.a.RequestMappingHandlerAdapter : Looking for @ControllerAdvice: org.springframework.web.context.support.GenericWebApplicationContext@62833051: startup date [Wed Dec 05 18:15:19 CST 2018]; root of context hierarchy
2018-12-05 18:15:23.644  WARN 12416 --- [main] aWebConfiguration$JpaWebMvcConfiguration : spring.jpa.open-in-view is enabled by default. Therefore, database queries may be performed during view rendering. Explicitly configure spring.jpa.open-in-view to disable this warning
2018-12-05 18:15:23.690  INFO 12416 --- [main] s.w.s.m.m.a.RequestMappingHandlerMapping : Mapped "{[/fileSystem/getFile],methods=[GET]}" onto public void com.grayliu.autoclawer.controller.FileController.getFile(javax.servlet.http.HttpServletRequest,javax.servlet.http.HttpServletResponse)
2018-12-05 18:15:23.693  INFO 12416 --- [main] s.w.s.m.m.a.RequestMappingHandlerMapping : Mapped "{[/error]}" onto public org.springframework.http.ResponseEntity<java.util.Map<java.lang.String, java.lang.Object>> org.springframework.boot.autoconfigure.web.servlet.error.BasicErrorController.error(javax.servlet.http.HttpServletRequest)
2018-12-05 18:15:23.694  INFO 12416 --- [main] s.w.s.m.m.a.RequestMappingHandlerMapping : Mapped "{[/error],produces=[text/html]}" onto public org.springframework.web.servlet.ModelAndView org.springframework.boot.autoconfigure.web.servlet.error.BasicErrorController.errorHtml(javax.servlet.http.HttpServletRequest,javax.servlet.http.HttpServletResponse)
2018-12-05 18:15:23.725  INFO 12416 --- [main] o.s.w.s.handler.SimpleUrlHandlerMapping  : Mapped URL path [/webjars/**] onto handler of type [class org.springframework.web.servlet.resource.ResourceHttpRequestHandler]
2018-12-05 18:15:23.725  INFO 12416 --- [main] o.s.w.s.handler.SimpleUrlHandlerMapping  : Mapped URL path [/**] onto handler of type [class org.springframework.web.servlet.resource.ResourceHttpRequestHandler]
2018-12-05 18:15:24.095  INFO 12416 --- [main] c.g.a.service.impl.FileSystemTest        : Started FileSystemTest in 4.535 seconds (JVM running for 5.432)
2018-12-05 18:15:25.635  INFO 12416 --- [main] .b.t.c.SpringBootTestContextBootstrapper : Neither @ContextConfiguration nor @ContextHierarchy found for test class [com.grayliu.autoclawer.service.impl.XwlboTest], using SpringBootContextLoader
2018-12-05 18:15:25.636  INFO 12416 --- [main] o.s.t.c.support.AbstractContextLoader    : Could not detect default resource locations for test class [com.grayliu.autoclawer.service.impl.XwlboTest]: no resource found for suffixes {-context.xml, Context.groovy}.
2018-12-05 18:15:25.636  INFO 12416 --- [main] t.c.s.AnnotationConfigContextLoaderUtils : Could not detect default configuration classes for test class [com.grayliu.autoclawer.service.impl.XwlboTest]: XwlboTest does not declare any static, non-private, non-final, nested classes annotated with @Configuration.
2018-12-05 18:15:25.639  INFO 12416 --- [main] .b.t.c.SpringBootTestContextBootstrapper : Found @SpringBootConfiguration com.grayliu.autoclawer.CommandApplication for test class com.grayliu.autoclawer.service.impl.XwlboTest
2018-12-05 18:15:25.640  INFO 12416 --- [main] .b.t.c.SpringBootTestContextBootstrapper : Loaded default TestExecutionListener class names from location [META-INF/spring.factories]: [org.springframework.boot.test.mock.mockito.MockitoTestExecutionListener, org.springframework.boot.test.mock.mockito.ResetMocksTestExecutionListener, org.springframework.boot.test.autoconfigure.restdocs.RestDocsTestExecutionListener, org.springframework.boot.test.autoconfigure.web.client.MockRestServiceServerResetTestExecutionListener, org.springframework.boot.test.autoconfigure.web.servlet.MockMvcPrintOnlyOnFailureTestExecutionListener, org.springframework.boot.test.autoconfigure.web.servlet.WebDriverTestExecutionListener, org.springframework.test.context.web.ServletTestExecutionListener, org.springframework.test.context.support.DirtiesContextBeforeModesTestExecutionListener, org.springframework.test.context.support.DependencyInjectionTestExecutionListener, org.springframework.test.context.support.DirtiesContextTestExecutionListener, org.springframework.test.context.transaction.TransactionalTestExecutionListener, org.springframework.test.context.jdbc.SqlScriptsTestExecutionListener]
2018-12-05 18:15:25.641  INFO 12416 --- [main] .b.t.c.SpringBootTestContextBootstrapper : Using TestExecutionListeners: [org.springframework.test.context.web.ServletTestExecutionListener@718989fa, org.springframework.test.context.support.DirtiesContextBeforeModesTestExecutionListener@69f080ad, org.springframework.boot.test.mock.mockito.MockitoTestExecutionListener@6568f998, org.springframework.boot.test.autoconfigure.SpringBootDependencyInjectionTestExecutionListener@45d4421d, org.springframework.test.context.support.DirtiesContextTestExecutionListener@782fd504, org.springframework.test.context.transaction.TransactionalTestExecutionListener@1537c744, org.springframework.test.context.jdbc.SqlScriptsTestExecutionListener@37314843, org.springframework.boot.test.mock.mockito.ResetMocksTestExecutionListener@50122012, org.springframework.boot.test.autoconfigure.restdocs.RestDocsTestExecutionListener@569348e1, org.springframework.boot.test.autoconfigure.web.client.MockRestServiceServerResetTestExecutionListener@7db5b890, org.springframework.boot.test.autoconfigure.web.servlet.MockMvcPrintOnlyOnFailureTestExecutionListener@407b8435, org.springframework.boot.test.autoconfigure.web.servlet.WebDriverTestExecutionListener@1282e98]
2018-12-05 18:15:26.001  INFO 12416 --- [Thread-2] o.s.w.c.s.GenericWebApplicationContext   : Closing org.springframework.web.context.support.GenericWebApplicationContext@62833051: startup date [Wed Dec 05 18:15:19 CST 2018]; root of context hierarchy
2018-12-05 18:15:26.005  INFO 12416 --- [Thread-2] j.LocalContainerEntityManagerFactoryBean : Closing JPA EntityManagerFactory for persistence unit 'default'
2018-12-05 18:15:26.006  INFO 12416 --- [Thread-2] com.zaxxer.hikari.HikariDataSource       : HikariPool-1 - Shutdown initiated...
2018-12-05 18:15:26.011  INFO 12416 --- [Thread-2] com.zaxxer.hikari.HikariDataSource       : HikariPool-1 - Shutdown completed.
