2018-12-10 09:40:05.817  INFO 19364 --- [main] com.grayliu.autoclawer.WebApplication    : Starting WebApplication on LIUHUI-DS9-pc with PID 19364 (D:\ProjectMine\MyTest\AutoClawer\target\classes started by liuhui-ds9 in D:\ProjectMine\MyTest)
2018-12-10 09:40:05.901  INFO 19364 --- [main] com.grayliu.autoclawer.WebApplication    : The following profiles are active: prod
2018-12-10 09:40:06.100  INFO 19364 --- [main] ConfigServletWebServerApplicationContext : Refreshing org.springframework.boot.web.servlet.context.AnnotationConfigServletWebServerApplicationContext@2925bf5b: startup date [Mon Dec 10 09:40:06 CST 2018]; root of context hierarchy
2018-12-10 09:40:08.366  INFO 19364 --- [main] trationDelegate$BeanPostProcessorChecker : Bean 'org.springframework.transaction.annotation.ProxyTransactionManagementConfiguration' of type [org.springframework.transaction.annotation.ProxyTransactionManagementConfiguration$$EnhancerBySpringCGLIB$$cd0f2374] is not eligible for getting processed by all BeanPostProcessors (for example: not eligible for auto-proxying)
2018-12-10 09:40:09.855  INFO 19364 --- [main] o.s.b.w.embedded.tomcat.TomcatWebServer  : Tomcat initialized with port(s): 80 (http)
2018-12-10 09:40:09.943  INFO 19364 --- [main] o.apache.catalina.core.StandardService   : Starting service [Tomcat]
2018-12-10 09:40:09.943  INFO 19364 --- [main] org.apache.catalina.core.StandardEngine  : Starting Servlet Engine: Apache Tomcat/8.5.32
2018-12-10 09:40:09.956  INFO 19364 --- [localhost-startStop-1] o.a.catalina.core.AprLifecycleListener   : The APR based Apache Tomcat Native library which allows optimal performance in production environments was not found on the java.library.path: [C:\Program Files\Java\jdk1.8.0\bin;C:\windows\Sun\Java\bin;C:\windows\system32;C:\windows;C:\windows;C:\windows\system32;C:\windows\System32\Wbem;C:\windows\System32\WindowsPowerShell\v1.0\;C:\Program Files (x86)\AMD\ATI.ACE\Core-Static;C:\Program Files (x86)\HPE\LoadRunner\strawberry-perl\perl\bin;D:\Soft\apache-maven-3.5.2\bin;C:\mingw32\bin;C:\Program Files\TortoiseSVN\bin;C:\Program Files\MySQL\MySQL Utilities 1.6\;C:\Oracle\product\11.2.0\client_1\bin;C:\Program Files\PuTTY\;C:\Program Files\Java\jdk1.8.0\bin;D:\Tools\springboot\bin;D:\Tools\adb;D:\Tools\Python37\Scripts\;D:\Tools\Python37\;D:\Tools\Fiddler;D:\Tools\Git;D:\Tools\ffmpeg\bin;D:\Tools\jad;D:\Tools\zookeeper\bin;D:\Tools\maven\bin;D:\Tools\springboot\bin;D:\Tools\gradle\bin;D:\Tools\kafka\bin\windows;D:\Tools\lua\bin;D:\Tools\groovy\bin;D:\Tools\ant\bin;;.]
2018-12-10 09:40:10.413  INFO 19364 --- [localhost-startStop-1] o.a.c.c.C.[Tomcat].[localhost].[/]       : Initializing Spring embedded WebApplicationContext
2018-12-10 09:40:10.413  INFO 19364 --- [localhost-startStop-1] o.s.web.context.ContextLoader            : Root WebApplicationContext: initialization completed in 4313 ms
2018-12-10 09:40:10.539  INFO 19364 --- [localhost-startStop-1] o.s.b.w.servlet.ServletRegistrationBean  : Servlet dispatcherServlet mapped to [/]
2018-12-10 09:40:10.543  INFO 19364 --- [localhost-startStop-1] o.s.b.w.servlet.FilterRegistrationBean   : Mapping filter: 'characterEncodingFilter' to: [/*]
2018-12-10 09:40:10.543  INFO 19364 --- [localhost-startStop-1] o.s.b.w.servlet.FilterRegistrationBean   : Mapping filter: 'hiddenHttpMethodFilter' to: [/*]
2018-12-10 09:40:10.544  INFO 19364 --- [localhost-startStop-1] o.s.b.w.servlet.FilterRegistrationBean   : Mapping filter: 'httpPutFormContentFilter' to: [/*]
2018-12-10 09:40:10.544  INFO 19364 --- [localhost-startStop-1] o.s.b.w.servlet.FilterRegistrationBean   : Mapping filter: 'requestContextFilter' to: [/*]
2018-12-10 09:40:11.296  INFO 19364 --- [main] com.zaxxer.hikari.HikariDataSource       : HikariPool-1 - Starting...
2018-12-10 09:40:11.302  WARN 19364 --- [main] com.zaxxer.hikari.util.DriverDataSource  : Registered driver with driverClassName=com.mysql.jdbc.Driver was not found, trying direct instantiation.
2018-12-10 09:40:11.541  INFO 19364 --- [main] com.zaxxer.hikari.HikariDataSource       : HikariPool-1 - Start completed.
2018-12-10 09:40:11.745  INFO 19364 --- [main] j.LocalContainerEntityManagerFactoryBean : Building JPA container EntityManagerFactory for persistence unit 'default'
2018-12-10 09:40:11.906  INFO 19364 --- [main] o.hibernate.jpa.internal.util.LogHelper  : HHH000204: Processing PersistenceUnitInfo [
	name: default
	...]
2018-12-10 09:40:12.085  INFO 19364 --- [main] org.hibernate.Version                    : HHH000412: Hibernate Core {5.2.17.Final}
2018-12-10 09:40:12.086  INFO 19364 --- [main] org.hibernate.cfg.Environment            : HHH000206: hibernate.properties not found
2018-12-10 09:40:12.208  INFO 19364 --- [main] o.hibernate.annotations.common.Version   : HCANN000001: Hibernate Commons Annotations {5.0.1.Final}
2018-12-10 09:40:12.464  INFO 19364 --- [main] org.hibernate.dialect.Dialect            : HHH000400: Using dialect: org.hibernate.dialect.MySQL5Dialect
2018-12-10 09:40:12.857  INFO 19364 --- [main] j.LocalContainerEntityManagerFactoryBean : Initialized JPA EntityManagerFactory for persistence unit 'default'
2018-12-10 09:40:13.781  INFO 19364 --- [main] o.s.w.s.handler.SimpleUrlHandlerMapping  : Mapped URL path [/**/favicon.ico] onto handler of type [class org.springframework.web.servlet.resource.ResourceHttpRequestHandler]
2018-12-10 09:40:14.392  INFO 19364 --- [main] s.w.s.m.m.a.RequestMappingHandlerAdapter : Looking for @ControllerAdvice: org.springframework.boot.web.servlet.context.AnnotationConfigServletWebServerApplicationContext@2925bf5b: startup date [Mon Dec 10 09:40:06 CST 2018]; root of context hierarchy
2018-12-10 09:40:14.453  WARN 19364 --- [main] aWebConfiguration$JpaWebMvcConfiguration : spring.jpa.open-in-view is enabled by default. Therefore, database queries may be performed during view rendering. Explicitly configure spring.jpa.open-in-view to disable this warning
2018-12-10 09:40:14.517  INFO 19364 --- [main] s.w.s.m.m.a.RequestMappingHandlerMapping : Mapped "{[/fileSystem/getFile],methods=[GET]}" onto public void com.grayliu.autoclawer.controller.FileController.getFile(javax.servlet.http.HttpServletRequest,javax.servlet.http.HttpServletResponse)
2018-12-10 09:40:14.519  INFO 19364 --- [main] s.w.s.m.m.a.RequestMappingHandlerMapping : Mapped "{[/xwlbo/clawer],methods=[GET]}" onto public void com.grayliu.autoclawer.controller.XwlboController.clawer(javax.servlet.http.HttpServletRequest,javax.servlet.http.HttpServletResponse)
2018-12-10 09:40:14.519  INFO 19364 --- [main] s.w.s.m.m.a.RequestMappingHandlerMapping : Mapped "{[/xwlbo/{dateStr}],methods=[GET]}" onto public org.springframework.web.servlet.ModelAndView com.grayliu.autoclawer.controller.XwlboController.getXwlbo(org.springframework.ui.ModelMap,java.lang.String,javax.servlet.http.HttpServletRequest,javax.servlet.http.HttpServletResponse)
2018-12-10 09:40:14.529  INFO 19364 --- [main] s.w.s.m.m.a.RequestMappingHandlerMapping : Mapped "{[/error]}" onto public org.springframework.http.ResponseEntity<java.util.Map<java.lang.String, java.lang.Object>> org.springframework.boot.autoconfigure.web.servlet.error.BasicErrorController.error(javax.servlet.http.HttpServletRequest)
2018-12-10 09:40:14.531  INFO 19364 --- [main] s.w.s.m.m.a.RequestMappingHandlerMapping : Mapped "{[/error],produces=[text/html]}" onto public org.springframework.web.servlet.ModelAndView org.springframework.boot.autoconfigure.web.servlet.error.BasicErrorController.errorHtml(javax.servlet.http.HttpServletRequest,javax.servlet.http.HttpServletResponse)
2018-12-10 09:40:14.590  INFO 19364 --- [main] o.s.w.s.handler.SimpleUrlHandlerMapping  : Mapped URL path [/webjars/**] onto handler of type [class org.springframework.web.servlet.resource.ResourceHttpRequestHandler]
2018-12-10 09:40:14.590  INFO 19364 --- [main] o.s.w.s.handler.SimpleUrlHandlerMapping  : Mapped URL path [/**] onto handler of type [class org.springframework.web.servlet.resource.ResourceHttpRequestHandler]
2018-12-10 09:40:14.998  INFO 19364 --- [main] o.s.w.s.v.f.FreeMarkerConfigurer         : ClassTemplateLoader for Spring macros added to FreeMarker configuration
2018-12-10 09:40:15.166  INFO 19364 --- [main] o.s.j.e.a.AnnotationMBeanExporter        : Registering beans for JMX exposure on startup
2018-12-10 09:40:15.168  INFO 19364 --- [main] o.s.j.e.a.AnnotationMBeanExporter        : Bean with name 'dataSource' has been autodetected for JMX exposure
2018-12-10 09:40:15.173  INFO 19364 --- [main] o.s.j.e.a.AnnotationMBeanExporter        : Located MBean 'dataSource': registering with JMX server as MBean [com.zaxxer.hikari:name=dataSource,type=HikariDataSource]
2018-12-10 09:40:15.243  INFO 19364 --- [main] o.s.b.w.embedded.tomcat.TomcatWebServer  : Tomcat started on port(s): 80 (http) with context path ''
2018-12-10 09:40:15.247  INFO 19364 --- [main] com.grayliu.autoclawer.WebApplication    : Started WebApplication in 10.623 seconds (JVM running for 11.467)
2018-12-10 09:40:52.198  INFO 19364 --- [http-nio-80-exec-1] o.a.c.c.C.[Tomcat].[localhost].[/]       : Initializing Spring FrameworkServlet 'dispatcherServlet'
2018-12-10 09:40:52.199  INFO 19364 --- [http-nio-80-exec-1] o.s.web.servlet.DispatcherServlet        : FrameworkServlet 'dispatcherServlet': initialization started
2018-12-10 09:40:52.245  INFO 19364 --- [http-nio-80-exec-1] o.s.web.servlet.DispatcherServlet        : FrameworkServlet 'dispatcherServlet': initialization completed in 46 ms
2018-12-10 09:42:15.938  INFO 19364 --- [http-nio-80-exec-7] c.g.a.controller.XwlboController         : datenews-dateStr: 2018-12-08
2018-12-10 09:44:56.576  INFO 19364 --- [http-nio-80-exec-9] c.g.a.controller.XwlboController         : datenews-dateStr: 2018-12-09
